<?xml version="1.0" encoding="UTF-8"?>
<coverage generated="1592958034561" clover="3.2.0">
  <project timestamp="1592958034562" name="All files">
    <metrics statements="28" coveredstatements="19" conditionals="6" coveredconditionals="3" methods="10" coveredmethods="7" elements="44" coveredelements="29" complexity="0" loc="28" ncloc="28" packages="1" files="4" classes="4"/>
    <file name="App.jsx" path="/Users/tegshee/Documents/HackReactor/FEC/photo-gallery-service/client/src/components/App.jsx">
      <metrics statements="20" coveredstatements="11" conditionals="4" coveredconditionals="2" methods="7" coveredmethods="4"/>
      <line num="7" count="3" type="stmt"/>
      <line num="20" count="13" type="stmt"/>
      <line num="21" count="13" type="stmt"/>
      <line num="26" count="13" type="stmt"/>
      <line num="30" count="13" type="stmt"/>
      <line num="32" count="0" type="stmt"/>
      <line num="33" count="0" type="stmt"/>
      <line num="34" count="0" type="stmt"/>
      <line num="35" count="0" type="stmt"/>
      <line num="37" count="0" type="stmt"/>
      <line num="47" count="0" type="stmt"/>
      <line num="53" count="0" type="stmt"/>
      <line num="61" count="13" type="stmt"/>
      <line num="65" count="13" type="stmt"/>
      <line num="67" count="13" type="cond" truecount="1" falsecount="1"/>
      <line num="68" count="0" type="stmt"/>
      <line num="69" count="13" type="cond" truecount="1" falsecount="1"/>
      <line num="70" count="0" type="stmt"/>
      <line num="72" count="13" type="stmt"/>
      <line num="82" count="3" type="stmt"/>
    </file>
    <file name="Button.jsx" path="/Users/tegshee/Documents/HackReactor/FEC/photo-gallery-service/client/src/components/Button.jsx">
      <metrics statements="2" coveredstatements="2" conditionals="2" coveredconditionals="1" methods="1" coveredmethods="1"/>
      <line num="3" count="3" type="stmt"/>
      <line num="12" count="48" type="cond" truecount="1" falsecount="1"/>
    </file>
    <file name="ImagesList.jsx" path="/Users/tegshee/Documents/HackReactor/FEC/photo-gallery-service/client/src/components/ImagesList.jsx">
      <metrics statements="3" coveredstatements="3" conditionals="0" coveredconditionals="0" methods="1" coveredmethods="1"/>
      <line num="5" count="3" type="stmt"/>
      <line num="6" count="12" type="stmt"/>
      <line num="17" count="3" type="stmt"/>
    </file>
    <file name="TitleBar.jsx" path="/Users/tegshee/Documents/HackReactor/FEC/photo-gallery-service/client/src/components/TitleBar.jsx">
      <metrics statements="3" coveredstatements="3" conditionals="0" coveredconditionals="0" methods="1" coveredmethods="1"/>
      <line num="5" count="3" type="stmt"/>
      <line num="7" count="12" type="stmt"/>
      <line num="19" count="3" type="stmt"/>
    </file>
  </project>
</coverage>
