{"/Users/tegshee/Documents/HackReactor/FEC/photo-gallery-service/client/src/components/App.jsx": {"path":"/Users/tegshee/Documents/HackReactor/FEC/photo-gallery-service/client/src/components/App.jsx","statementMap":{"0":{"start":{"line":7,"column":19},"end":{"line":16,"column":1}},"1":{"start":{"line":20,"column":4},"end":{"line":20,"column":17}},"2":{"start":{"line":21,"column":4},"end":{"line":25,"column":5}},"3":{"start":{"line":26,"column":4},"end":{"line":26,"column":51}},"4":{"start":{"line":30,"column":4},"end":{"line":57,"column":9}},"5":{"start":{"line":32,"column":21},"end":{"line":32,"column":32}},"6":{"start":{"line":33,"column":26},"end":{"line":33,"column":28}},"7":{"start":{"line":34,"column":8},"end":{"line":36,"column":11}},"8":{"start":{"line":35,"column":10},"end":{"line":35,"column":40}},"9":{"start":{"line":37,"column":24},"end":{"line":45,"column":9}},"10":{"start":{"line":47,"column":8},"end":{"line":50,"column":11}},"11":{"start":{"line":53,"column":8},"end":{"line":56,"column":10}},"12":{"start":{"line":61,"column":4},"end":{"line":61,"column":46}},"13":{"start":{"line":65,"column":39},"end":{"line":65,"column":49}},"14":{"start":{"line":67,"column":4},"end":{"line":78,"column":5}},"15":{"start":{"line":68,"column":6},"end":{"line":68,"column":47}},"16":{"start":{"line":69,"column":11},"end":{"line":78,"column":5}},"17":{"start":{"line":70,"column":6},"end":{"line":70,"column":36}},"18":{"start":{"line":72,"column":6},"end":{"line":77,"column":7}},"19":{"start":{"line":82,"column":0},"end":{"line":84,"column":2}}},"fnMap":{"0":{"name":"(anonymous_0)","decl":{"start":{"line":19,"column":2},"end":{"line":19,"column":3}},"loc":{"start":{"line":19,"column":22},"end":{"line":27,"column":3}},"line":19},"1":{"name":"(anonymous_1)","decl":{"start":{"line":29,"column":2},"end":{"line":29,"column":3}},"loc":{"start":{"line":29,"column":19},"end":{"line":58,"column":3}},"line":29},"2":{"name":"(anonymous_2)","decl":{"start":{"line":31,"column":12},"end":{"line":31,"column":13}},"loc":{"start":{"line":31,"column":22},"end":{"line":51,"column":7}},"line":31},"3":{"name":"(anonymous_3)","decl":{"start":{"line":34,"column":21},"end":{"line":34,"column":22}},"loc":{"start":{"line":34,"column":28},"end":{"line":36,"column":9}},"line":34},"4":{"name":"(anonymous_4)","decl":{"start":{"line":52,"column":13},"end":{"line":52,"column":14}},"loc":{"start":{"line":52,"column":22},"end":{"line":57,"column":7}},"line":52},"5":{"name":"(anonymous_5)","decl":{"start":{"line":60,"column":2},"end":{"line":60,"column":3}},"loc":{"start":{"line":60,"column":22},"end":{"line":62,"column":3}},"line":60},"6":{"name":"(anonymous_6)","decl":{"start":{"line":64,"column":2},"end":{"line":64,"column":3}},"loc":{"start":{"line":64,"column":12},"end":{"line":79,"column":3}},"line":64}},"branchMap":{"0":{"loc":{"start":{"line":67,"column":4},"end":{"line":78,"column":5}},"type":"if","locations":[{"start":{"line":67,"column":4},"end":{"line":78,"column":5}},{"start":{"line":67,"column":4},"end":{"line":78,"column":5}}],"line":67},"1":{"loc":{"start":{"line":69,"column":11},"end":{"line":78,"column":5}},"type":"if","locations":[{"start":{"line":69,"column":11},"end":{"line":78,"column":5}},{"start":{"line":69,"column":11},"end":{"line":78,"column":5}}],"line":69}},"s":{"0":3,"1":13,"2":13,"3":13,"4":13,"5":0,"6":0,"7":0,"8":0,"9":0,"10":0,"11":0,"12":13,"13":13,"14":13,"15":0,"16":13,"17":0,"18":13,"19":3},"f":{"0":13,"1":13,"2":0,"3":0,"4":0,"5":13,"6":13},"b":{"0":[0,13],"1":[0,13]},"_coverageSchema":"1a1c01bbd47fc00a2c39e90264f33305004495a9","hash":"85565c1f551dfa311adfa1c385e02023a9a381e9"}
,"/Users/tegshee/Documents/HackReactor/FEC/photo-gallery-service/client/src/components/Button.jsx": {"path":"/Users/tegshee/Documents/HackReactor/FEC/photo-gallery-service/client/src/components/Button.jsx","statementMap":{"0":{"start":{"line":3,"column":15},"end":{"line":17,"column":1}},"1":{"start":{"line":12,"column":4},"end":{"line":16,"column":3}}},"fnMap":{"0":{"name":"(anonymous_0)","decl":{"start":{"line":11,"column":4},"end":{"line":11,"column":5}},"loc":{"start":{"line":12,"column":4},"end":{"line":16,"column":3}},"line":12}},"branchMap":{"0":{"loc":{"start":{"line":12,"column":4},"end":{"line":16,"column":3}},"type":"binary-expr","locations":[{"start":{"line":12,"column":4},"end":{"line":12,"column":17}},{"start":{"line":13,"column":4},"end":{"line":16,"column":3}}],"line":12}},"s":{"0":3,"1":48},"f":{"0":48},"b":{"0":[48,0]},"_coverageSchema":"1a1c01bbd47fc00a2c39e90264f33305004495a9","hash":"ce9eaa286da2a01d4b1a25c2e411675c152a48f8"}
,"/Users/tegshee/Documents/HackReactor/FEC/photo-gallery-service/client/src/components/ImagesList.jsx": {"path":"/Users/tegshee/Documents/HackReactor/FEC/photo-gallery-service/client/src/components/ImagesList.jsx","statementMap":{"0":{"start":{"line":5,"column":19},"end":{"line":15,"column":1}},"1":{"start":{"line":6,"column":0},"end":{"line":14,"column":3}},"2":{"start":{"line":17,"column":0},"end":{"line":19,"column":2}}},"fnMap":{"0":{"name":"(anonymous_0)","decl":{"start":{"line":5,"column":19},"end":{"line":5,"column":20}},"loc":{"start":{"line":5,"column":31},"end":{"line":15,"column":1}},"line":5}},"branchMap":{},"s":{"0":3,"1":12,"2":3},"f":{"0":12},"b":{},"_coverageSchema":"1a1c01bbd47fc00a2c39e90264f33305004495a9","hash":"2030cb58beb58e97ec9331d5a6fbff20cecdd1ed"}
,"/Users/tegshee/Documents/HackReactor/FEC/photo-gallery-service/client/src/components/TitleBar.jsx": {"path":"/Users/tegshee/Documents/HackReactor/FEC/photo-gallery-service/client/src/components/TitleBar.jsx","statementMap":{"0":{"start":{"line":5,"column":17},"end":{"line":17,"column":1}},"1":{"start":{"line":7,"column":2},"end":{"line":16,"column":3}},"2":{"start":{"line":19,"column":0},"end":{"line":21,"column":2}}},"fnMap":{"0":{"name":"(anonymous_0)","decl":{"start":{"line":5,"column":17},"end":{"line":5,"column":18}},"loc":{"start":{"line":5,"column":29},"end":{"line":17,"column":1}},"line":5}},"branchMap":{},"s":{"0":3,"1":12,"2":3},"f":{"0":12},"b":{},"_coverageSchema":"1a1c01bbd47fc00a2c39e90264f33305004495a9","hash":"8dcd9db7dd04a349d16d23cb3a783cd3f63d20a7"}
}
