TN:
SF:client/src/components/App.jsx
FN:19,(anonymous_0)
FN:29,(anonymous_1)
FN:31,(anonymous_2)
FN:34,(anonymous_3)
FN:52,(anonymous_4)
FN:60,(anonymous_5)
FN:64,(anonymous_6)
FNF:7
FNH:4
FNDA:13,(anonymous_0)
FNDA:13,(anonymous_1)
FNDA:0,(anonymous_2)
FNDA:0,(anonymous_3)
FNDA:0,(anonymous_4)
FNDA:13,(anonymous_5)
FNDA:13,(anonymous_6)
DA:7,3
DA:20,13
DA:21,13
DA:26,13
DA:30,13
DA:32,0
DA:33,0
DA:34,0
DA:35,0
DA:37,0
DA:47,0
DA:53,0
DA:61,13
DA:65,13
DA:67,13
DA:68,0
DA:69,13
DA:70,0
DA:72,13
DA:82,3
LF:20
LH:11
BRDA:67,0,0,0
BRDA:67,0,1,13
BRDA:69,1,0,0
BRDA:69,1,1,13
BRF:4
BRH:2
end_of_record
TN:
SF:client/src/components/Button.jsx
FN:11,(anonymous_0)
FNF:1
FNH:1
FNDA:48,(anonymous_0)
DA:3,3
DA:12,48
LF:2
LH:2
BRDA:12,0,0,48
BRDA:12,0,1,0
BRF:2
BRH:1
end_of_record
TN:
SF:client/src/components/ImagesList.jsx
FN:5,(anonymous_0)
FNF:1
FNH:1
FNDA:12,(anonymous_0)
DA:5,3
DA:6,12
DA:17,3
LF:3
LH:3
BRF:0
BRH:0
end_of_record
TN:
SF:client/src/components/TitleBar.jsx
FN:5,(anonymous_0)
FNF:1
FNH:1
FNDA:12,(anonymous_0)
DA:5,3
DA:7,12
DA:19,3
LF:3
LH:3
BRF:0
BRH:0
end_of_record
